{"/Users/dhardy/Projects/npm/nestjs-s3/lib/s3-core.module.ts": {"path":"/Users/dhardy/Projects/npm/nestjs-s3/lib/s3-core.module.ts","statementMap":{"0":{"start":{"line":1,"column":0},"end":{"line":1,"column":79}},"1":{"start":{"line":3,"column":0},"end":{"line":3,"column":48}},"2":{"start":{"line":4,"column":0},"end":{"line":4,"column":50}},"3":{"start":{"line":5,"column":0},"end":{"line":5,"column":71}},"4":{"start":{"line":10,"column":25},"end":{"line":77,"column":null}},"5":{"start":{"line":13,"column":25},"end":{"line":13,"column":51}},"6":{"start":{"line":15,"column":8},"end":{"line":19,"column":10}},"7":{"start":{"line":23,"column":35},"end":{"line":27,"column":10}},"8":{"start":{"line":26,"column":54},"end":{"line":26,"column":77}},"9":{"start":{"line":29,"column":8},"end":{"line":38,"column":10}},"10":{"start":{"line":44,"column":8},"end":{"line":46,"column":null}},"11":{"start":{"line":45,"column":10},"end":{"line":45,"column":60}},"12":{"start":{"line":47,"column":25},"end":{"line":47,"column":73}},"13":{"start":{"line":48,"column":8},"end":{"line":54,"column":10}},"14":{"start":{"line":60,"column":8},"end":{"line":66,"column":null}},"15":{"start":{"line":61,"column":10},"end":{"line":65,"column":12}},"16":{"start":{"line":67,"column":23},"end":{"line":69,"column":10}},"17":{"start":{"line":70,"column":8},"end":{"line":75,"column":10}},"18":{"start":{"line":72,"column":71},"end":{"line":73,"column":null}},"19":{"start":{"line":73,"column":12},"end":{"line":73,"column":null}},"20":{"start":{"line":10,"column":13},"end":{"line":77,"column":null}},"21":{"start":{"line":10,"column":13},"end":{"line":10,"column":25}}},"fnMap":{"0":{"name":"(anonymous_8)","decl":{"start":{"line":12,"column":11},"end":{"line":12,"column":17}},"loc":{"start":{"line":12,"column":50},"end":{"line":20,"column":5}}},"1":{"name":"(anonymous_9)","decl":{"start":{"line":22,"column":11},"end":{"line":22,"column":17}},"loc":{"start":{"line":22,"column":60},"end":{"line":39,"column":5}}},"2":{"name":"(anonymous_10)","decl":{"start":{"line":26,"column":24},"end":{"line":26,"column":25}},"loc":{"start":{"line":26,"column":54},"end":{"line":26,"column":77}}},"3":{"name":"(anonymous_11)","decl":{"start":{"line":41,"column":12},"end":{"line":41,"column":18}},"loc":{"start":{"line":42,"column":37},"end":{"line":55,"column":7}}},"4":{"name":"(anonymous_12)","decl":{"start":{"line":57,"column":14},"end":{"line":57,"column":20}},"loc":{"start":{"line":58,"column":37},"end":{"line":76,"column":7}}},"5":{"name":"(anonymous_13)","decl":{"start":{"line":72,"column":22},"end":{"line":72,"column":29}},"loc":{"start":{"line":72,"column":71},"end":{"line":73,"column":null}}},"6":{"name":"(anonymous_14)","decl":{"start":{"line":72,"column":71},"end":{"line":72,"column":null}},"loc":{"start":{"line":72,"column":71},"end":{"line":73,"column":null}}}},"branchMap":{"0":{"loc":{"start":{"line":44,"column":8},"end":{"line":46,"column":null}},"type":"if","locations":[{"start":{"line":44,"column":8},"end":{"line":46,"column":null}},{"start":{"line":44,"column":8},"end":{"line":46,"column":null}}]},"1":{"loc":{"start":{"line":44,"column":12},"end":{"line":44,"column":31}},"type":"binary-expr","locations":[{"start":{"line":44,"column":12},"end":{"line":44,"column":31}},{"start":{"line":44,"column":35},"end":{"line":44,"column":53}}]},"2":{"loc":{"start":{"line":60,"column":8},"end":{"line":66,"column":null}},"type":"if","locations":[{"start":{"line":60,"column":8},"end":{"line":66,"column":null}},{"start":{"line":60,"column":8},"end":{"line":66,"column":null}}]},"3":{"loc":{"start":{"line":62,"column":20},"end":{"line":62,"column":34}},"type":"binary-expr","locations":[{"start":{"line":62,"column":20},"end":{"line":62,"column":34}},{"start":{"line":62,"column":38},"end":{"line":62,"column":40}}]},"4":{"loc":{"start":{"line":68,"column":11},"end":{"line":68,"column":27}},"type":"binary-expr","locations":[{"start":{"line":68,"column":11},"end":{"line":68,"column":27}},{"start":{"line":68,"column":31},"end":{"line":68,"column":50}}]}},"s":{"0":2,"1":2,"2":2,"3":2,"4":2,"5":2,"6":2,"7":2,"8":2,"9":2,"10":2,"11":1,"12":1,"13":1,"14":2,"15":1,"16":1,"17":1,"18":1,"19":1,"20":2,"21":2},"f":{"0":2,"1":2,"2":2,"3":2,"4":2,"5":1,"6":1},"b":{"0":[1,1],"1":[2,2],"2":[1,1],"3":[1,1],"4":[1,0]}}
,"/Users/dhardy/Projects/npm/nestjs-s3/lib/s3.module.ts": {"path":"/Users/dhardy/Projects/npm/nestjs-s3/lib/s3.module.ts","statementMap":{"0":{"start":{"line":3,"column":0},"end":{"line":3,"column":48}},"1":{"start":{"line":7,"column":8},"end":{"line":10,"column":10}},"2":{"start":{"line":14,"column":8},"end":{"line":17,"column":10}},"3":{"start":{"line":5,"column":0},"end":{"line":5,"column":13}}},"fnMap":{"0":{"name":"(anonymous_0)","decl":{"start":{"line":6,"column":11},"end":{"line":6,"column":17}},"loc":{"start":{"line":6,"column":50},"end":{"line":11,"column":5}}},"1":{"name":"(anonymous_1)","decl":{"start":{"line":13,"column":11},"end":{"line":13,"column":17}},"loc":{"start":{"line":13,"column":60},"end":{"line":18,"column":5}}}},"branchMap":{},"s":{"0":2,"1":2,"2":2,"3":2},"f":{"0":2,"1":2},"b":{}}
,"/Users/dhardy/Projects/npm/nestjs-s3/lib/common/index.ts": {"path":"/Users/dhardy/Projects/npm/nestjs-s3/lib/common/index.ts","statementMap":{"0":{"start":{"line":1,"column":0},"end":{"line":1,"column":31}},"1":{"start":{"line":2,"column":0},"end":{"line":2,"column":31}},"2":{"start":{"line":3,"column":0},"end":{"line":3,"column":26}}},"fnMap":{},"branchMap":{},"s":{"0":2,"1":2,"2":2},"f":{},"b":{}}
,"/Users/dhardy/Projects/npm/nestjs-s3/lib/common/s3.constants.ts": {"path":"/Users/dhardy/Projects/npm/nestjs-s3/lib/common/s3.constants.ts","statementMap":{"0":{"start":{"line":1,"column":13},"end":{"line":1,"column":51}},"1":{"start":{"line":2,"column":13},"end":{"line":2,"column":34}}},"fnMap":{},"branchMap":{},"s":{"0":2,"1":2},"f":{},"b":{}}
,"/Users/dhardy/Projects/npm/nestjs-s3/lib/common/s3.decorator.ts": {"path":"/Users/dhardy/Projects/npm/nestjs-s3/lib/common/s3.decorator.ts","statementMap":{"0":{"start":{"line":1,"column":0},"end":{"line":1,"column":40}},"1":{"start":{"line":2,"column":0},"end":{"line":2,"column":42}},"2":{"start":{"line":5,"column":4},"end":{"line":5,"column":28}},"3":{"start":{"line":4,"column":0},"end":{"line":4,"column":16}}},"fnMap":{"0":{"name":"InjectS3","decl":{"start":{"line":4,"column":16},"end":{"line":4,"column":24}},"loc":{"start":{"line":4,"column":24},"end":{"line":6,"column":1}}}},"branchMap":{},"s":{"0":2,"1":2,"2":1,"3":2},"f":{"0":1},"b":{}}
,"/Users/dhardy/Projects/npm/nestjs-s3/lib/common/s3.util.ts": {"path":"/Users/dhardy/Projects/npm/nestjs-s3/lib/common/s3.util.ts","statementMap":{"0":{"start":{"line":2,"column":0},"end":{"line":2,"column":38}},"1":{"start":{"line":3,"column":0},"end":{"line":3,"column":41}},"2":{"start":{"line":6,"column":4},"end":{"line":11,"column":7}},"3":{"start":{"line":12,"column":18},"end":{"line":12,"column":86}},"4":{"start":{"line":13,"column":41},"end":{"line":15,"column":6}},"5":{"start":{"line":16,"column":19},"end":{"line":16,"column":33}},"6":{"start":{"line":17,"column":4},"end":{"line":17,"column":18}},"7":{"start":{"line":5,"column":0},"end":{"line":5,"column":16}}},"fnMap":{"0":{"name":"createS3Client","decl":{"start":{"line":5,"column":16},"end":{"line":5,"column":30}},"loc":{"start":{"line":5,"column":55},"end":{"line":18,"column":1}}}},"branchMap":{"0":{"loc":{"start":{"line":9,"column":29},"end":{"line":9,"column":31}},"type":"cond-expr","locations":[{"start":{"line":9,"column":29},"end":{"line":9,"column":31}},{"start":{"line":9,"column":22},"end":{"line":9,"column":43}}]},"1":{"loc":{"start":{"line":9,"column":22},"end":{"line":9,"column":31}},"type":"binary-expr","locations":[{"start":{"line":9,"column":22},"end":{"line":9,"column":31}},{"start":{"line":9,"column":22},"end":{"line":9,"column":31}}]},"2":{"loc":{"start":{"line":12,"column":53},"end":{"line":12,"column":65}},"type":"cond-expr","locations":[{"start":{"line":12,"column":53},"end":{"line":12,"column":65}},{"start":{"line":12,"column":68},"end":{"line":12,"column":86}}]}},"s":{"0":2,"1":2,"2":4,"3":4,"4":4,"5":4,"6":4,"7":2},"f":{"0":4},"b":{"0":[0,4],"1":[4,4],"2":[3,1]}}
,"/Users/dhardy/Projects/npm/nestjs-s3/lib/providers/index.ts": {"path":"/Users/dhardy/Projects/npm/nestjs-s3/lib/providers/index.ts","statementMap":{"0":{"start":{"line":1,"column":0},"end":{"line":1,"column":31}}},"fnMap":{},"branchMap":{},"s":{"0":2},"f":{},"b":{}}
,"/Users/dhardy/Projects/npm/nestjs-s3/lib/providers/s3.providers.ts": {"path":"/Users/dhardy/Projects/npm/nestjs-s3/lib/providers/s3.providers.ts","statementMap":{"0":{"start":{"line":2,"column":0},"end":{"line":2,"column":53}},"1":{"start":{"line":6,"column":4},"end":{"line":9,"column":6}},"2":{"start":{"line":5,"column":0},"end":{"line":5,"column":16}}},"fnMap":{"0":{"name":"createS3Providers","decl":{"start":{"line":5,"column":16},"end":{"line":5,"column":33}},"loc":{"start":{"line":5,"column":58},"end":{"line":10,"column":1}}}},"branchMap":{},"s":{"0":2,"1":2,"2":2},"f":{"0":2},"b":{}}
,"/Users/dhardy/Projects/npm/nestjs-s3/lib/services/s3.service.ts": {"path":"/Users/dhardy/Projects/npm/nestjs-s3/lib/services/s3.service.ts","statementMap":{"0":{"start":{"line":1,"column":0},"end":{"line":1,"column":52}},"1":{"start":{"line":2,"column":0},"end":{"line":2,"column":41}},"2":{"start":{"line":4,"column":0},"end":{"line":4,"column":46}},"3":{"start":{"line":7,"column":0},"end":{"line":13,"column":null}},"4":{"start":{"line":11,"column":8},"end":{"line":11,"column":23}},"5":{"start":{"line":9,"column":43},"end":{"line":9,"column":67}},"6":{"start":{"line":7,"column":13},"end":{"line":13,"column":null}},"7":{"start":{"line":7,"column":13},"end":{"line":7,"column":22}}},"fnMap":{"0":{"name":"(anonymous_4)","decl":{"start":{"line":8,"column":4},"end":{"line":8,"column":null}},"loc":{"start":{"line":9,"column":67},"end":{"line":12,"column":5}}}},"branchMap":{},"s":{"0":2,"1":2,"2":2,"3":2,"4":2,"5":2,"6":2,"7":2},"f":{"0":2},"b":{}}
}
