TN:
SF:lib/s3-core.module.ts
FN:12,(anonymous_8)
FN:22,(anonymous_9)
FN:26,(anonymous_10)
FN:41,(anonymous_11)
FN:57,(anonymous_12)
FN:72,(anonymous_13)
FN:72,(anonymous_14)
FNF:7
FNH:7
FNDA:2,(anonymous_8)
FNDA:2,(anonymous_9)
FNDA:2,(anonymous_10)
FNDA:2,(anonymous_11)
FNDA:2,(anonymous_12)
FNDA:1,(anonymous_13)
FNDA:1,(anonymous_14)
DA:1,2
DA:3,2
DA:4,2
DA:5,2
DA:10,2
DA:13,2
DA:15,2
DA:23,2
DA:26,2
DA:29,2
DA:44,2
DA:45,1
DA:47,1
DA:48,1
DA:60,2
DA:61,1
DA:67,1
DA:70,1
DA:72,1
DA:73,1
LF:20
LH:20
BRDA:44,0,0,1
BRDA:44,0,1,1
BRDA:44,1,0,2
BRDA:44,1,1,2
BRDA:60,2,0,1
BRDA:60,2,1,1
BRDA:62,3,0,1
BRDA:62,3,1,1
BRDA:68,4,0,1
BRDA:68,4,1,0
BRF:10
BRH:9
end_of_record
TN:
SF:lib/s3.module.ts
FN:6,(anonymous_0)
FN:13,(anonymous_1)
FNF:2
FNH:2
FNDA:2,(anonymous_0)
FNDA:2,(anonymous_1)
DA:3,2
DA:5,2
DA:7,2
DA:14,2
LF:4
LH:4
BRF:0
BRH:0
end_of_record
TN:
SF:lib/common/index.ts
FNF:0
FNH:0
DA:1,2
DA:2,2
DA:3,2
LF:3
LH:3
BRF:0
BRH:0
end_of_record
TN:
SF:lib/common/s3.constants.ts
FNF:0
FNH:0
DA:1,2
DA:2,2
LF:2
LH:2
BRF:0
BRH:0
end_of_record
TN:
SF:lib/common/s3.decorator.ts
FN:4,InjectS3
FNF:1
FNH:1
FNDA:1,InjectS3
DA:1,2
DA:2,2
DA:4,2
DA:5,1
LF:4
LH:4
BRF:0
BRH:0
end_of_record
TN:
SF:lib/common/s3.util.ts
FN:5,createS3Client
FNF:1
FNH:1
FNDA:4,createS3Client
DA:2,2
DA:3,2
DA:5,2
DA:6,4
DA:12,4
DA:13,4
DA:16,4
DA:17,4
LF:8
LH:8
BRDA:9,0,0,0
BRDA:9,0,1,4
BRDA:9,1,0,4
BRDA:9,1,1,4
BRDA:12,2,0,3
BRDA:12,2,1,1
BRF:6
BRH:5
end_of_record
TN:
SF:lib/providers/index.ts
FNF:0
FNH:0
DA:1,2
LF:1
LH:1
BRF:0
BRH:0
end_of_record
TN:
SF:lib/providers/s3.providers.ts
FN:5,createS3Providers
FNF:1
FNH:1
FNDA:2,createS3Providers
DA:2,2
DA:5,2
DA:6,2
LF:3
LH:3
BRF:0
BRH:0
end_of_record
TN:
SF:lib/services/s3.service.ts
FN:8,(anonymous_4)
FNF:1
FNH:1
FNDA:2,(anonymous_4)
DA:1,2
DA:2,2
DA:4,2
DA:7,2
DA:9,2
DA:11,2
LF:6
LH:6
BRF:0
BRH:0
end_of_record
